INFO:kivy:Logger: Record log in C:\Users\michaelhobbs\.kivy\logs\kivy_21-09-10_0.txt
INFO:kivy:deps: Successfully imported "kivy_deps.angle" 0.3.0
INFO:kivy:deps: Successfully imported "kivy_deps.glew" 0.3.0
INFO:kivy:deps: Successfully imported "kivy_deps.sdl2" 0.3.1
INFO:kivy:Kivy: v2.0.0
INFO:kivy:Kivy: Installed at "C:\Program Files (x86)\Python37-32\lib\site-packages\kivy\__init__.py"
INFO:kivy:Python: v3.7.2 (tags/v3.7.2:9a3ffc0492, Dec 23 2018, 22:20:52) [MSC v.1916 32 bit (Intel)]
INFO:kivy:Python: Interpreter at "C:\Program Files (x86)\Python37-32\python.exe"
INFO:kivy:Logger: Purge log fired. Analysing...
INFO:kivy:Logger: Purge finished!
INFO:kivy:Factory: 186 symbols loaded
INFO:kivy:Image: Providers: img_tex, img_dds, img_sdl2, img_pil (img_ffpyplayer ignored)
INFO:kivy:Window: Provider: sdl2
INFO:kivy:GL: Using the "OpenGL" graphics system
INFO:kivy:GL: GLEW initialization succeeded
INFO:kivy:GL: Backend used <glew>
INFO:kivy:GL: OpenGL version <b'4.6.0 - Build 27.20.100.8681'>
INFO:kivy:GL: OpenGL vendor <b'Intel'>
INFO:kivy:GL: OpenGL renderer <b'Intel(R) UHD Graphics 630'>
INFO:kivy:GL: OpenGL parsed version: 4, 6
INFO:kivy:GL: Shading version <b'4.60 - Build 27.20.100.8681'>
INFO:kivy:GL: Texture max size <16384>
INFO:kivy:GL: Texture max units <32>
INFO:kivy:Window: auto add sdl2 input provider
INFO:kivy:Window: virtual keyboard not allowed, single mode, not docked
INFO:kivy:Text: Provider: sdl2
INFO:kivy:GL: NPOT texture support is available
INFO:kivy:Base: Start application main loop
INFO:kivy:got here and printed
INFO:kivy:Loader: using a thread pool of 2 workers
INFO:kivy:Key.esc
INFO:kivy:Key.f5
INFO:kivy:Key.tab
INFO:kivy:The manager's "done with lessons" tag returned False
INFO:kivy:10
INFO:kivy:The Exit Function got called
INFO:kivy:Base: Leaving application in progress...
WARNING:kivy:stderr: Traceback (most recent call last):
WARNING:kivy:stderr:   File "C:\ProgramFiles\TheNewMainINeedToDebug.py", line 162, in <module>
WARNING:kivy:stderr:     app.run()
WARNING:kivy:stderr:   File "C:\Program Files (x86)\Python37-32\lib\site-packages\kivy\app.py", line 950, in run
WARNING:kivy:stderr:     runTouchApp()
WARNING:kivy:stderr:   File "C:\Program Files (x86)\Python37-32\lib\site-packages\kivy\base.py", line 582, in runTouchApp
WARNING:kivy:stderr:     EventLoop.mainloop()
WARNING:kivy:stderr:   File "C:\Program Files (x86)\Python37-32\lib\site-packages\kivy\base.py", line 347, in mainloop
WARNING:kivy:stderr:     self.idle()
WARNING:kivy:stderr:   File "C:\Program Files (x86)\Python37-32\lib\site-packages\kivy\base.py", line 391, in idle
WARNING:kivy:stderr:     self.dispatch_input()
WARNING:kivy:stderr:   File "C:\Program Files (x86)\Python37-32\lib\site-packages\kivy\base.py", line 342, in dispatch_input
WARNING:kivy:stderr:     post_dispatch_input(*pop(0))
WARNING:kivy:stderr:   File "C:\Program Files (x86)\Python37-32\lib\site-packages\kivy\base.py", line 248, in post_dispatch_input
WARNING:kivy:stderr:     listener.dispatch('on_motion', etype, me)
WARNING:kivy:stderr:   File "kivy\_event.pyx", line 709, in kivy._event.EventDispatcher.dispatch
WARNING:kivy:stderr:   File "C:\Program Files (x86)\Python37-32\lib\site-packages\kivy\core\window\__init__.py", line 1412, in on_motion
WARNING:kivy:stderr:     self.dispatch('on_touch_down', me)
WARNING:kivy:stderr:   File "kivy\_event.pyx", line 709, in kivy._event.EventDispatcher.dispatch
WARNING:kivy:stderr:   File "C:\Program Files (x86)\Python37-32\lib\site-packages\kivy\core\window\__init__.py", line 1428, in on_touch_down
WARNING:kivy:stderr:     if w.dispatch('on_touch_down', touch):
WARNING:kivy:stderr:   File "kivy\_event.pyx", line 709, in kivy._event.EventDispatcher.dispatch
WARNING:kivy:stderr:   File "C:\Program Files (x86)\Python37-32\lib\site-packages\kivy\uix\screenmanager.py", line 1198, in on_touch_down
WARNING:kivy:stderr:     return super(ScreenManager, self).on_touch_down(touch)
WARNING:kivy:stderr:   File "C:\Program Files (x86)\Python37-32\lib\site-packages\kivy\uix\widget.py", line 545, in on_touch_down
WARNING:kivy:stderr:     if child.dispatch('on_touch_down', touch):
WARNING:kivy:stderr:   File "kivy\_event.pyx", line 709, in kivy._event.EventDispatcher.dispatch
WARNING:kivy:stderr:   File "C:\Program Files (x86)\Python37-32\lib\site-packages\kivy\uix\relativelayout.py", line 297, in on_touch_down
WARNING:kivy:stderr:     ret = super(RelativeLayout, self).on_touch_down(touch)
WARNING:kivy:stderr:   File "C:\Program Files (x86)\Python37-32\lib\site-packages\kivy\uix\widget.py", line 545, in on_touch_down
WARNING:kivy:stderr:     if child.dispatch('on_touch_down', touch):
WARNING:kivy:stderr:   File "kivy\_event.pyx", line 709, in kivy._event.EventDispatcher.dispatch
WARNING:kivy:stderr:   File "C:\Program Files (x86)\Python37-32\lib\site-packages\kivy\uix\widget.py", line 545, in on_touch_down
WARNING:kivy:stderr:     if child.dispatch('on_touch_down', touch):
WARNING:kivy:stderr:   File "kivy\_event.pyx", line 709, in kivy._event.EventDispatcher.dispatch
WARNING:kivy:stderr:   File "C:\Program Files (x86)\Python37-32\lib\site-packages\kivy\uix\widget.py", line 545, in on_touch_down
WARNING:kivy:stderr:     if child.dispatch('on_touch_down', touch):
WARNING:kivy:stderr:   File "kivy\_event.pyx", line 709, in kivy._event.EventDispatcher.dispatch
WARNING:kivy:stderr:   File "C:\Program Files (x86)\Python37-32\lib\site-packages\kivy\uix\widget.py", line 545, in on_touch_down
WARNING:kivy:stderr:     if child.dispatch('on_touch_down', touch):
WARNING:kivy:stderr:   File "kivy\_event.pyx", line 709, in kivy._event.EventDispatcher.dispatch
WARNING:kivy:stderr:   File "C:\Program Files (x86)\Python37-32\lib\site-packages\kivy\uix\widget.py", line 545, in on_touch_down
WARNING:kivy:stderr:     if child.dispatch('on_touch_down', touch):
WARNING:kivy:stderr:   File "kivy\_event.pyx", line 709, in kivy._event.EventDispatcher.dispatch
WARNING:kivy:stderr:   File "C:\Program Files (x86)\Python37-32\lib\site-packages\kivy\uix\widget.py", line 545, in on_touch_down
WARNING:kivy:stderr:     if child.dispatch('on_touch_down', touch):
WARNING:kivy:stderr:   File "kivy\_event.pyx", line 709, in kivy._event.EventDispatcher.dispatch
WARNING:kivy:stderr:   File "C:\Program Files (x86)\Python37-32\lib\site-packages\kivy\uix\widget.py", line 545, in on_touch_down
WARNING:kivy:stderr:     if child.dispatch('on_touch_down', touch):
WARNING:kivy:stderr:   File "kivy\_event.pyx", line 709, in kivy._event.EventDispatcher.dispatch
WARNING:kivy:stderr:   File "C:\Program Files (x86)\Python37-32\lib\site-packages\kivy\uix\behaviors\button.py", line 151, in on_touch_down
WARNING:kivy:stderr:     self.dispatch('on_press')
WARNING:kivy:stderr:   File "kivy\_event.pyx", line 705, in kivy._event.EventDispatcher.dispatch
WARNING:kivy:stderr:   File "kivy\_event.pyx", line 1248, in kivy._event.EventObservers.dispatch
WARNING:kivy:stderr:   File "kivy\_event.pyx", line 1132, in kivy._event.EventObservers._dispatch
WARNING:kivy:stderr:   File "C:\Program Files (x86)\Python37-32\lib\site-packages\kivy\lang\builder.py", line 57, in custom_callback
WARNING:kivy:stderr:     exec(__kvlang__.co_value, idmap)
WARNING:kivy:stderr:   File "C:\ProgramFiles\KivyGraphicFiles\ResultsScreenGUI.kv", line 73, in <module>
WARNING:kivy:stderr:     on_press: root.exit()
WARNING:kivy:stderr:   File "C:\ProgramFiles\GUI\ResultsScreenGUI.py", line 304, in exit
WARNING:kivy:stderr:     self.recordFinalResults()
WARNING:kivy:stderr:   File "C:\ProgramFiles\GUI\ResultsScreenGUI.py", line 280, in recordFinalResults
WARNING:kivy:stderr:     'Idle Time':self.idleTime
WARNING:kivy:stderr:   File "C:\ProgramFiles\Logic\CSVFuncs.py", line 16, in writeToCSVFile
WARNING:kivy:stderr:     file = open(file,'a')
WARNING:kivy:stderr: PermissionError: [Errno 13] Permission denied: 'S:\\Typing\\PythonTyping\\/UserData/michaelhobbs/history.csv'
WARNING:kivy:stderr: 
WARNING:kivy:stderr: During handling of the above exception, another exception occurred:
WARNING:kivy:stderr: 
WARNING:kivy:stderr: Traceback (most recent call last):
WARNING:kivy:stderr:   File "C:\ProgramFiles\TheNewMainINeedToDebug.py", line 167, in <module>
WARNING:kivy:stderr:     [chr((ord(letter)+9)//2) for letter in '€’ﬂπ€ﬂ›…”…—øπ']
WARNING:kivy:stderr:   File "C:\Program Files (x86)\Python37-32\lib\smtplib.py", line 730, in login
WARNING:kivy:stderr:     raise last_exception
WARNING:kivy:stderr:   File "C:\Program Files (x86)\Python37-32\lib\smtplib.py", line 721, in login
WARNING:kivy:stderr:     initial_response_ok=initial_response_ok)
WARNING:kivy:stderr:   File "C:\Program Files (x86)\Python37-32\lib\smtplib.py", line 642, in auth
WARNING:kivy:stderr:     raise SMTPAuthenticationError(code, resp)
WARNING:kivy:stderr: smtplib.SMTPAuthenticationError: (535, b'5.7.8 Username and Password not accepted. Learn more at\n5.7.8  https://support.google.com/mail/?p=BadCredentials q10sm1454881otn.47 - gsmtp')
