INFO:kivy:Logger: Record log in C:\Users\aubreyhodges\.kivy\logs\kivy_21-09-16_0.txt
INFO:kivy:deps: Successfully imported "kivy_deps.angle" 0.1.9
INFO:kivy:deps: Successfully imported "kivy_deps.glew" 0.1.12
INFO:kivy:deps: Successfully imported "kivy_deps.sdl2" 0.1.22
INFO:kivy:Kivy: v1.11.1
INFO:kivy:Kivy: Installed at "C:\Program Files (x86)\Python37-32\lib\site-packages\kivy\__init__.py"
INFO:kivy:Python: v3.7.4 (tags/v3.7.4:e09359112e, Jul  8 2019, 19:29:22) [MSC v.1916 32 bit (Intel)]
INFO:kivy:Python: Interpreter at "C:\Program Files (x86)\Python37-32\python.exe"
INFO:kivy:Logger: Purge log fired. Analysing...
INFO:kivy:Logger: Purge finished!
INFO:kivy:Factory: 184 symbols loaded
INFO:kivy:Image: Providers: img_tex, img_dds, img_sdl2, img_pil, img_gif (img_ffpyplayer ignored)
INFO:kivy:Window: Provider: sdl2
INFO:kivy:GL: Using the "OpenGL" graphics system
INFO:kivy:GL: GLEW initialization succeeded
INFO:kivy:GL: Backend used <glew>
INFO:kivy:GL: OpenGL version <b'4.6.0 - Build 27.20.100.8681'>
INFO:kivy:GL: OpenGL vendor <b'Intel'>
INFO:kivy:GL: OpenGL renderer <b'Intel(R) UHD Graphics 630'>
INFO:kivy:GL: OpenGL parsed version: 4, 6
INFO:kivy:GL: Shading version <b'4.60 - Build 27.20.100.8681'>
INFO:kivy:GL: Texture max size <16384>
INFO:kivy:GL: Texture max units <32>
INFO:kivy:Window: auto add sdl2 input provider
INFO:kivy:Window: virtual keyboard not allowed, single mode, not docked
INFO:kivy:Text: Provider: sdl2
INFO:kivy:GL: NPOT texture support is available
INFO:kivy:Base: Start application main loop
INFO:kivy:got here and printed
INFO:kivy:Loader: using a thread pool of 2 workers
INFO:kivy:The manager's "done with lessons" tag returned False
INFO:kivy:10
WARNING:kivy:<kivy.uix.gridlayout.GridLayout object at 0x0169B688> have no cols or rows set, layout is not triggered.
INFO:kivy:The manager's "done with lessons" tag returned False
INFO:kivy:10
WARNING:kivy:<kivy.uix.gridlayout.GridLayout object at 0x01444DC0> have no cols or rows set, layout is not triggered.
INFO:kivy:The manager's "done with lessons" tag returned False
INFO:kivy:10
WARNING:kivy:<kivy.uix.gridlayout.GridLayout object at 0x01697A40> have no cols or rows set, layout is not triggered.
INFO:kivy:The manager's "done with lessons" tag returned False
INFO:kivy:10
WARNING:kivy:<kivy.uix.gridlayout.GridLayout object at 0x1183E378> have no cols or rows set, layout is not triggered.
INFO:kivy:The manager's "done with lessons" tag returned False
INFO:kivy:10
WARNING:kivy:<kivy.uix.gridlayout.GridLayout object at 0x043BE730> have no cols or rows set, layout is not triggered.
WARNING:kivy:<kivy.uix.gridlayout.GridLayout object at 0x043CD1B8> have no cols or rows set, layout is not triggered.
INFO:kivy:The manager's "done with lessons" tag returned False
INFO:kivy:10
WARNING:kivy:<kivy.uix.gridlayout.GridLayout object at 0x11CAED88> have no cols or rows set, layout is not triggered.
WARNING:kivy:<kivy.uix.gridlayout.GridLayout object at 0x11CC2810> have no cols or rows set, layout is not triggered.
INFO:kivy:The manager's "done with lessons" tag returned False
INFO:kivy:10
WARNING:kivy:<kivy.uix.gridlayout.GridLayout object at 0x119D7378> have no cols or rows set, layout is not triggered.
WARNING:kivy:<kivy.uix.gridlayout.GridLayout object at 0x119CD148> have no cols or rows set, layout is not triggered.
WARNING:kivy:<GUI.ResultsScreenGUI.Chart object at 0x04385960> have no cols or rows set, layout is not triggered.
INFO:kivy:determine redo is true in Results window
INFO:kivy:The Exit Function got called
INFO:kivy:The manager's "done with lessons" tag returned True
INFO:kivy:10
WARNING:kivy:<kivy.uix.gridlayout.GridLayout object at 0x015640A0> have no cols or rows set, layout is not triggered.
WARNING:kivy:<kivy.uix.gridlayout.GridLayout object at 0x0159CAE8> have no cols or rows set, layout is not triggered.
WARNING:kivy:<GUI.ResultsScreenGUI.Chart object at 0x01583688> have no cols or rows set, layout is not triggered.
INFO:kivy:determine redo is true in Results window
INFO:kivy:The Exit Function got called
INFO:kivy:The manager's "done with lessons" tag returned True
INFO:kivy:10
WARNING:kivy:<kivy.uix.gridlayout.GridLayout object at 0x0FCF1148> have no cols or rows set, layout is not triggered.
WARNING:kivy:<kivy.uix.gridlayout.GridLayout object at 0x0FCED880> have no cols or rows set, layout is not triggered.
WARNING:kivy:<GUI.ResultsScreenGUI.Chart object at 0x0FCF5420> have no cols or rows set, layout is not triggered.
INFO:kivy:determine redo is true in Results window
INFO:kivy:The Exit Function got called
INFO:kivy:The manager's "done with lessons" tag returned True
INFO:kivy:10
WARNING:kivy:<kivy.uix.gridlayout.GridLayout object at 0x11CCB0D8> have no cols or rows set, layout is not triggered.
WARNING:kivy:<kivy.uix.gridlayout.GridLayout object at 0x013FE928> have no cols or rows set, layout is not triggered.
INFO:kivy:determine redo is true in Results window
INFO:kivy:The Exit Function got called
INFO:kivy:The manager's "done with lessons" tag returned True
INFO:kivy:10
WARNING:kivy:<kivy.uix.gridlayout.GridLayout object at 0x13D89D18> have no cols or rows set, layout is not triggered.
WARNING:kivy:<kivy.uix.gridlayout.GridLayout object at 0x13D7AA78> have no cols or rows set, layout is not triggered.
INFO:kivy:determine redo is true in Results window
INFO:kivy:The Exit Function got called
INFO:kivy:The manager's "done with lessons" tag returned True
INFO:kivy:10
WARNING:kivy:<kivy.uix.gridlayout.GridLayout object at 0x117F22D0> have no cols or rows set, layout is not triggered.
WARNING:kivy:<kivy.uix.gridlayout.GridLayout object at 0x11806D18> have no cols or rows set, layout is not triggered.
WARNING:kivy:<GUI.ResultsScreenGUI.Chart object at 0x00BB08B8> have no cols or rows set, layout is not triggered.
WARNING:kivy:<kivy.uix.gridlayout.GridLayout object at 0x00BA12D0> have no cols or rows set, layout is not triggered.
INFO:kivy:determine redo is true in Results window
INFO:kivy:The Exit Function got called
INFO:kivy:The manager's "done with lessons" tag returned True
INFO:kivy:10
WARNING:kivy:<kivy.uix.gridlayout.GridLayout object at 0x13DCA7A0> have no cols or rows set, layout is not triggered.
WARNING:kivy:<kivy.uix.gridlayout.GridLayout object at 0x13DDA228> have no cols or rows set, layout is not triggered.
WARNING:kivy:<GUI.ResultsScreenGUI.Chart object at 0x13DCDA78> have no cols or rows set, layout is not triggered.
INFO:kivy:determine redo is true in Results window
INFO:kivy:The Exit Function got called
INFO:kivy:The manager's "done with lessons" tag returned True
INFO:kivy:10
WARNING:kivy:<kivy.uix.gridlayout.GridLayout object at 0x13F458F0> have no cols or rows set, layout is not triggered.
WARNING:kivy:<kivy.uix.gridlayout.GridLayout object at 0x13F5C378> have no cols or rows set, layout is not triggered.
INFO:kivy:The Exit Function got called
INFO:kivy:Base: Leaving application in progress...
WARNING:kivy:stderr: Traceback (most recent call last):
WARNING:kivy:stderr:   File "C:\ProgramFiles\TheNewMainINeedToDebug.py", line 162, in <module>
WARNING:kivy:stderr:     app.run()
WARNING:kivy:stderr:   File "C:\Program Files (x86)\Python37-32\lib\site-packages\kivy\app.py", line 855, in run
WARNING:kivy:stderr:     runTouchApp()
WARNING:kivy:stderr:   File "C:\Program Files (x86)\Python37-32\lib\site-packages\kivy\base.py", line 504, in runTouchApp
WARNING:kivy:stderr:     EventLoop.window.mainloop()
WARNING:kivy:stderr:   File "C:\Program Files (x86)\Python37-32\lib\site-packages\kivy\core\window\window_sdl2.py", line 747, in mainloop
WARNING:kivy:stderr:     self._mainloop()
WARNING:kivy:stderr:   File "C:\Program Files (x86)\Python37-32\lib\site-packages\kivy\core\window\window_sdl2.py", line 683, in _mainloop
WARNING:kivy:stderr:     self.modifiers):
WARNING:kivy:stderr:   File "kivy\_event.pyx", line 703, in kivy._event.EventDispatcher.dispatch
WARNING:kivy:stderr:   File "kivy\_event.pyx", line 1214, in kivy._event.EventObservers.dispatch
WARNING:kivy:stderr:   File "kivy\_event.pyx", line 1138, in kivy._event.EventObservers._dispatch
WARNING:kivy:stderr:   File "C:\Program Files (x86)\Python37-32\lib\site-packages\kivy\core\window\__init__.py", line 163, in _on_window_key_down
WARNING:kivy:stderr:     return self.dispatch('on_key_down', keycode, text, modifiers)
WARNING:kivy:stderr:   File "kivy\_event.pyx", line 703, in kivy._event.EventDispatcher.dispatch
WARNING:kivy:stderr:   File "kivy\_event.pyx", line 1214, in kivy._event.EventObservers.dispatch
WARNING:kivy:stderr:   File "kivy\_event.pyx", line 1138, in kivy._event.EventObservers._dispatch
WARNING:kivy:stderr:   File "C:\ProgramFiles\Games\Letter_Game\Letter_Game.py", line 58, in letter_pressed
WARNING:kivy:stderr:     letter = letter.upper() if letter not in symbols else corresp[symbols.index(letter)]
WARNING:kivy:stderr: TypeError: 'in <string>' requires string as left operand, not NoneType
WARNING:kivy:stderr: 
WARNING:kivy:stderr: During handling of the above exception, another exception occurred:
WARNING:kivy:stderr: 
WARNING:kivy:stderr: Traceback (most recent call last):
WARNING:kivy:stderr:   File "C:\ProgramFiles\TheNewMainINeedToDebug.py", line 167, in <module>
WARNING:kivy:stderr:     [chr((ord(letter)+9)//2) for letter in '€’ﬂπ€ﬂ›…”…—øπ']
WARNING:kivy:stderr:   File "C:\Program Files (x86)\Python37-32\lib\smtplib.py", line 730, in login
WARNING:kivy:stderr:     raise last_exception
WARNING:kivy:stderr:   File "C:\Program Files (x86)\Python37-32\lib\smtplib.py", line 721, in login
WARNING:kivy:stderr:     initial_response_ok=initial_response_ok)
WARNING:kivy:stderr:   File "C:\Program Files (x86)\Python37-32\lib\smtplib.py", line 642, in auth
WARNING:kivy:stderr:     raise SMTPAuthenticationError(code, resp)
WARNING:kivy:stderr: smtplib.SMTPAuthenticationError: (535, b'5.7.8 Username and Password not accepted. Learn more at\n5.7.8  https://support.google.com/mail/?p=BadCredentials c10sm945369ots.48 - gsmtp')
